
section .data

00000000	05000000
00000004	0A000000
00000008	0A00000032000000
00000010	14000000
00000014	4E6968616C

section .bss

00000000	<resd 0000000C>
0000000C	<resd 00000001>
0000000D	<resd 0000000C>

section .text

	global main

	extern printf

main:

00000000	R5[00000000]
0000000A	R1[00000000]
00000014	X4E5
00000016	M10C000000
00000020	M10E000000
0000002A	M10C000000
00000034	M10D000000
0000003E	AD[41000000]
00000048	R4[01000000]
00000052	R8[01000000]
0000005C	X4F4
0000005E	X4D1
00000060	X4FC
00000062	X4[00000000]
